app/build/intermediates/manifest_merge_blame_file/debug/manifest-merger-blame-debug-report.txt
1<?xml version="1.0" encoding="utf-8"?>
2<manifest xmlns:android="http://schemas.android.com/apk/res/android"
3    package="com.dayforcetracker"
4    android:versionCode="2"
5    android:versionName="2.0" >
6
7    <uses-sdk
8        android:minSdkVersion="24"
8-->src\main\AndroidManifest.xml
9        android:targetSdkVersion="33" />
9-->src\main\AndroidManifest.xml
10
11    <uses-permission android:name="android.permission.INTERNET" />
11-->src\main\AndroidManifest.xml:4:5-67
11-->src\main\AndroidManifest.xml:4:22-64
12    <uses-permission android:name="android.permission.ACCESS_NETWORK_STATE" />
12-->src\main\AndroidManifest.xml:5:5-79
12-->src\main\AndroidManifest.xml:5:22-76
13    <uses-permission android:name="android.permission.USE_BIOMETRIC" />
13-->src\main\AndroidManifest.xml:6:5-72
13-->src\main\AndroidManifest.xml:6:22-69
14    <uses-permission android:name="android.permission.USE_FINGERPRINT" />
14-->src\main\AndroidManifest.xml:7:5-74
14-->src\main\AndroidManifest.xml:7:22-71
15
16    <permission
16-->[androidx.core:core:1.9.0] AndroidManifest.xml:22:5-24:47
17        android:name="com.dayforcetracker.DYNAMIC_RECEIVER_NOT_EXPORTED_PERMISSION"
17-->[androidx.core:core:1.9.0] AndroidManifest.xml:23:9-81
18        android:protectionLevel="signature" />
18-->[androidx.core:core:1.9.0] AndroidManifest.xml:24:9-44
19
20    <uses-permission android:name="com.dayforcetracker.DYNAMIC_RECEIVER_NOT_EXPORTED_PERMISSION" />
20-->[androidx.core:core:1.9.0] AndroidManifest.xml:26:5-97
20-->[androidx.core:core:1.9.0] AndroidManifest.xml:26:22-94
21
22    <application
22-->src\main\AndroidManifest.xml:9:5-53:19
23        android:allowBackup="true"
23-->src\main\AndroidManifest.xml:10:9-35
24        android:appComponentFactory="androidx.core.app.CoreComponentFactory"
24-->[androidx.core:core:1.9.0] AndroidManifest.xml:28:18-86
25        android:debuggable="true"
26        android:extractNativeLibs="false"
27        android:icon="@mipmap/ic_launcher"
27-->src\main\AndroidManifest.xml:11:9-43
28        android:label="Dayforce Pay Tracker"
28-->src\main\AndroidManifest.xml:13:9-45
29        android:roundIcon="@mipmap/ic_launcher"
29-->src\main\AndroidManifest.xml:12:9-48
30        android:testOnly="true"
31        android:theme="@style/AppTheme" >
31-->src\main\AndroidManifest.xml:14:9-40
32
33        <!-- Launcher Activity - Entry point for authentication flow -->
34        <activity
34-->src\main\AndroidManifest.xml:17:9-25:20
35            android:name="com.dayforcetracker.LauncherActivity"
35-->src\main\AndroidManifest.xml:18:13-45
36            android:exported="true"
36-->src\main\AndroidManifest.xml:19:13-36
37            android:noHistory="true" >
37-->src\main\AndroidManifest.xml:20:13-37
38            <intent-filter>
38-->src\main\AndroidManifest.xml:21:13-24:29
39                <action android:name="android.intent.action.MAIN" />
39-->src\main\AndroidManifest.xml:22:17-69
39-->src\main\AndroidManifest.xml:22:25-66
40
41                <category android:name="android.intent.category.LAUNCHER" />
41-->src\main\AndroidManifest.xml:23:17-77
41-->src\main\AndroidManifest.xml:23:27-74
42            </intent-filter>
43        </activity>
44
45        <!-- PIN Setup Activity - First time setup -->
46        <activity
46-->src\main\AndroidManifest.xml:28:9-32:46
47            android:name="com.dayforcetracker.PinSetupActivity"
47-->src\main\AndroidManifest.xml:29:13-45
48            android:exported="false"
48-->src\main\AndroidManifest.xml:30:13-37
49            android:label="Setup Security"
49-->src\main\AndroidManifest.xml:32:13-43
50            android:noHistory="true" />
50-->src\main\AndroidManifest.xml:31:13-37
51
52        <!-- PIN Login Activity - Authentication -->
53        <activity
53-->src\main\AndroidManifest.xml:35:9-39:42
54            android:name="com.dayforcetracker.PinLoginActivity"
54-->src\main\AndroidManifest.xml:36:13-45
55            android:exported="false"
55-->src\main\AndroidManifest.xml:37:13-37
56            android:label="Unlock App"
56-->src\main\AndroidManifest.xml:39:13-39
57            android:noHistory="true" />
57-->src\main\AndroidManifest.xml:38:13-37
58
59        <!-- Main Activity - App content -->
60        <activity
60-->src\main\AndroidManifest.xml:42:9-45:52
61            android:name="com.dayforcetracker.MainActivity"
61-->src\main\AndroidManifest.xml:43:13-41
62            android:exported="false"
62-->src\main\AndroidManifest.xml:44:13-37
63            android:label="Dayforce Pay Tracker" />
63-->src\main\AndroidManifest.xml:45:13-49
64
65        <!-- Settings Activity -->
66        <activity
66-->src\main\AndroidManifest.xml:48:9-52:44
67            android:name="com.dayforcetracker.SettingsActivity"
67-->src\main\AndroidManifest.xml:49:13-45
68            android:exported="false"
68-->src\main\AndroidManifest.xml:51:13-37
69            android:label="Pay Settings"
69-->src\main\AndroidManifest.xml:52:13-41
70            android:parentActivityName="com.dayforcetracker.MainActivity" />
70-->src\main\AndroidManifest.xml:50:13-55
71
72        <provider
72-->[androidx.emoji2:emoji2:1.2.0] AndroidManifest.xml:24:9-32:20
73            android:name="androidx.startup.InitializationProvider"
73-->[androidx.emoji2:emoji2:1.2.0] AndroidManifest.xml:25:13-67
74            android:authorities="com.dayforcetracker.androidx-startup"
74-->[androidx.emoji2:emoji2:1.2.0] AndroidManifest.xml:26:13-68
75            android:exported="false" >
75-->[androidx.emoji2:emoji2:1.2.0] AndroidManifest.xml:27:13-37
76            <meta-data
76-->[androidx.emoji2:emoji2:1.2.0] AndroidManifest.xml:29:13-31:52
77                android:name="androidx.emoji2.text.EmojiCompatInitializer"
77-->[androidx.emoji2:emoji2:1.2.0] AndroidManifest.xml:30:17-75
78                android:value="androidx.startup" />
78-->[androidx.emoji2:emoji2:1.2.0] AndroidManifest.xml:31:17-49
79            <meta-data
79-->[androidx.lifecycle:lifecycle-process:2.6.0] AndroidManifest.xml:29:13-31:52
80                android:name="androidx.lifecycle.ProcessLifecycleInitializer"
80-->[androidx.lifecycle:lifecycle-process:2.6.0] AndroidManifest.xml:30:17-78
81                android:value="androidx.startup" />
81-->[androidx.lifecycle:lifecycle-process:2.6.0] AndroidManifest.xml:31:17-49
82            <meta-data
82-->[androidx.profileinstaller:profileinstaller:1.2.1] AndroidManifest.xml:30:13-32:52
83                android:name="androidx.profileinstaller.ProfileInstallerInitializer"
83-->[androidx.profileinstaller:profileinstaller:1.2.1] AndroidManifest.xml:31:17-85
84                android:value="androidx.startup" />
84-->[androidx.profileinstaller:profileinstaller:1.2.1] AndroidManifest.xml:32:17-49
85        </provider>
86
87        <receiver
87-->[androidx.profileinstaller:profileinstaller:1.2.1] AndroidManifest.xml:35:9-47:20
88            android:name="androidx.profileinstaller.ProfileInstallReceiver"
88-->[androidx.profileinstaller:profileinstaller:1.2.1] AndroidManifest.xml:36:13-76
89            android:directBootAware="false"
89-->[androidx.profileinstaller:profileinstaller:1.2.1] AndroidManifest.xml:37:13-44
90            android:enabled="true"
90-->[androidx.profileinstaller:profileinstaller:1.2.1] AndroidManifest.xml:38:13-35
91            android:exported="true"
91-->[androidx.profileinstaller:profileinstaller:1.2.1] AndroidManifest.xml:39:13-36
92            android:permission="android.permission.DUMP" >
92-->[androidx.profileinstaller:profileinstaller:1.2.1] AndroidManifest.xml:40:13-57
93            <intent-filter>
93-->[androidx.profileinstaller:profileinstaller:1.2.1] AndroidManifest.xml:41:13-43:29
94                <action android:name="androidx.profileinstaller.action.INSTALL_PROFILE" />
94-->[androidx.profileinstaller:profileinstaller:1.2.1] AndroidManifest.xml:42:17-91
94-->[androidx.profileinstaller:profileinstaller:1.2.1] AndroidManifest.xml:42:25-88
95            </intent-filter>
96            <intent-filter>
96-->[androidx.profileinstaller:profileinstaller:1.2.1] AndroidManifest.xml:44:13-46:29
97                <action android:name="androidx.profileinstaller.action.SKIP_FILE" />
97-->[androidx.profileinstaller:profileinstaller:1.2.1] AndroidManifest.xml:45:17-85
97-->[androidx.profileinstaller:profileinstaller:1.2.1] AndroidManifest.xml:45:25-82
98            </intent-filter>
99        </receiver>
100    </application>
101
102</manifest>